[ 2016-05-18T09:37:15+08:00 ] 127.0.0.1 /Public/js/jquery/jquery.min.js
INFO: [ app_init ] --START--
INFO: Run Behavior\BuildLiteBehavior [ RunTime:0.000043s ]
INFO: [ app_init ] --END-- [ RunTime:0.001297s ]
ERR: 无法加载模块:Public

[ 2016-05-18T13:48:50+08:00 ] 127.0.0.1 /RFS/Public/images/logo1.png
INFO: [ app_init ] --START--
INFO: Run Behavior\BuildLiteBehavior [ RunTime:0.000031s ]
INFO: [ app_init ] --END-- [ RunTime:0.001051s ]
ERR: 无法加载模块:RFS

[ 2016-05-18T13:51:38+08:00 ] 127.0.0.1 /RFS/Public/images/logo1.png
INFO: [ app_init ] --START--
INFO: Run Behavior\BuildLiteBehavior [ RunTime:0.000031s ]
INFO: [ app_init ] --END-- [ RunTime:0.001074s ]
ERR: 无法加载模块:RFS

[ 2016-05-18T13:52:07+08:00 ] 127.0.0.1 /RFS/Public/images/logo1.png
INFO: [ app_init ] --START--
INFO: Run Behavior\BuildLiteBehavior [ RunTime:0.000035s ]
INFO: [ app_init ] --END-- [ RunTime:0.001144s ]
ERR: 无法加载模块:RFS

[ 2016-05-18T13:53:46+08:00 ] 127.0.0.1 /RFS/Public/images/logo2.png
INFO: [ app_init ] --START--
INFO: Run Behavior\BuildLiteBehavior [ RunTime:0.000035s ]
INFO: [ app_init ] --END-- [ RunTime:0.001075s ]
ERR: 无法加载模块:RFS

[ 2016-05-18T14:15:08+08:00 ] 127.0.0.1 /RFS/Public/images/logo2.png
INFO: [ app_init ] --START--
INFO: Run Behavior\BuildLiteBehavior [ RunTime:0.000035s ]
INFO: [ app_init ] --END-- [ RunTime:0.001165s ]
ERR: 无法加载模块:RFS

[ 2016-05-18T14:15:09+08:00 ] 127.0.0.1 /RFS/Public/images/logo2.png
INFO: [ app_init ] --START--
INFO: Run Behavior\BuildLiteBehavior [ RunTime:0.000031s ]
INFO: [ app_init ] --END-- [ RunTime:0.001042s ]
ERR: 无法加载模块:RFS

