[ 2016-05-16T11:20:14+08:00 ] 127.0.0.1 /php10/wenjiangongxiang/index.php/admin/index.html
INFO: [ app_init ] --START--
INFO: Run Behavior\BuildLiteBehavior [ RunTime:0.000000s ]
INFO: [ app_init ] --END-- [ RunTime:0.001000s ]
ERR: 无法加载模块:Admin

[ 2016-05-16T11:20:19+08:00 ] 127.0.0.1 /php10/wenjiangongxiang/index.php/admin/index.html
INFO: [ app_init ] --START--
INFO: Run Behavior\BuildLiteBehavior [ RunTime:0.000000s ]
INFO: [ app_init ] --END-- [ RunTime:0.000000s ]
ERR: 无法加载模块:Admin

[ 2016-05-16T11:21:12+08:00 ] 127.0.0.1 /php10/wenjiangongxiang/index.php/admin/index.html
INFO: [ app_init ] --START--
INFO: Run Behavior\BuildLiteBehavior [ RunTime:0.000000s ]
INFO: [ app_init ] --END-- [ RunTime:0.000000s ]
ERR: 无法加载模块:Admin

[ 2016-05-16T11:21:13+08:00 ] 127.0.0.1 /php10/wenjiangongxiang/index.php/admin/index.html
INFO: [ app_init ] --START--
INFO: Run Behavior\BuildLiteBehavior [ RunTime:0.000000s ]
INFO: [ app_init ] --END-- [ RunTime:0.000000s ]
ERR: 无法加载模块:Admin

[ 2016-05-16T11:21:15+08:00 ] 127.0.0.1 /php10/wenjiangongxiang/index.php/admin/index.html
INFO: [ app_init ] --START--
INFO: Run Behavior\BuildLiteBehavior [ RunTime:0.000000s ]
INFO: [ app_init ] --END-- [ RunTime:0.000000s ]
ERR: 无法加载模块:Admin

[ 2016-05-16T11:21:25+08:00 ] 127.0.0.1 /php10/wenjiangongxiang/index.php/admin/index.html
INFO: [ app_init ] --START--
INFO: Run Behavior\BuildLiteBehavior [ RunTime:0.000000s ]
INFO: [ app_init ] --END-- [ RunTime:0.000000s ]
ERR: 无法加载模块:Admin

[ 2016-05-16T11:21:25+08:00 ] 127.0.0.1 /php10/wenjiangongxiang/index.php/admin/index.html
INFO: [ app_init ] --START--
INFO: Run Behavior\BuildLiteBehavior [ RunTime:0.000000s ]
INFO: [ app_init ] --END-- [ RunTime:0.001000s ]
ERR: 无法加载模块:Admin

[ 2016-05-16T11:21:31+08:00 ] 127.0.0.1 /php10/wenjiangongxiang/index.php/admin/index.html
INFO: [ app_init ] --START--
INFO: Run Behavior\BuildLiteBehavior [ RunTime:0.000000s ]
INFO: [ app_init ] --END-- [ RunTime:0.001001s ]
ERR: 无法加载模块:Admin

[ 2016-05-16T11:23:29+08:00 ] 127.0.0.1 /php10/wenjiangongxiang/index.php/admin/index.html
INFO: [ app_init ] --START--
INFO: Run Behavior\BuildLiteBehavior [ RunTime:0.000000s ]
INFO: [ app_init ] --END-- [ RunTime:0.001000s ]
ERR: 无法加载模块:Admin

[ 2016-05-16T11:23:29+08:00 ] 127.0.0.1 /php10/wenjiangongxiang/index.php/admin/index.html
INFO: [ app_init ] --START--
INFO: Run Behavior\BuildLiteBehavior [ RunTime:0.000000s ]
INFO: [ app_init ] --END-- [ RunTime:0.000000s ]
ERR: 无法加载模块:Admin

[ 2016-05-16T11:43:26+08:00 ] 127.0.0.1 /php10/wenjiangongxiang/index.php/Admin/index.html
INFO: [ app_init ] --START--
INFO: Run Behavior\BuildLiteBehavior [ RunTime:0.000000s ]
INFO: [ app_init ] --END-- [ RunTime:0.003000s ]
ERR: 无法加载模块:Admin

[ 2016-05-16T11:44:51+08:00 ] 127.0.0.1 /php10/wenjiangongxiang/index.php/admin/Admin/index
INFO: [ app_init ] --START--
INFO: Run Behavior\BuildLiteBehavior [ RunTime:0.000000s ]
INFO: [ app_init ] --END-- [ RunTime:0.000000s ]
ERR: 无法加载模块:Admin

[ 2016-05-16T11:45:06+08:00 ] 127.0.0.1 /php10/wenjiangongxiang/index.php/Admin/Admin/index
INFO: [ app_init ] --START--
INFO: Run Behavior\BuildLiteBehavior [ RunTime:0.000000s ]
INFO: [ app_init ] --END-- [ RunTime:0.001000s ]
ERR: 无法加载模块:Admin

[ 2016-05-16T17:38:32+08:00 ] 127.0.0.1 /wenjiangongxiang/css/main.css
INFO: [ app_init ] --START--
INFO: Run Behavior\BuildLiteBehavior [ RunTime:0.000100s ]
INFO: [ app_init ] --END-- [ RunTime:0.005039s ]
ERR: 无法加载模块:Css

[ 2016-05-16T17:38:32+08:00 ] 127.0.0.1 /wenjiangongxiang/js/jquery-1.7.1.min.js
INFO: [ app_init ] --START--
INFO: Run Behavior\BuildLiteBehavior [ RunTime:0.000096s ]
INFO: [ app_init ] --END-- [ RunTime:0.003332s ]
ERR: 无法加载模块:Js

[ 2016-05-16T17:38:32+08:00 ] 127.0.0.1 /wenjiangongxiang/images/logo3.png
INFO: [ app_init ] --START--
INFO: Run Behavior\BuildLiteBehavior [ RunTime:0.000163s ]
INFO: [ app_init ] --END-- [ RunTime:0.011702s ]
ERR: 无法加载模块:Images

[ 2016-05-16T17:38:32+08:00 ] 127.0.0.1 /wenjiangongxiang/images/img1.png
INFO: [ app_init ] --START--
INFO: Run Behavior\BuildLiteBehavior [ RunTime:0.000172s ]
INFO: [ app_init ] --END-- [ RunTime:0.008983s ]
ERR: 无法加载模块:Images

[ 2016-05-16T17:38:32+08:00 ] 127.0.0.1 /wenjiangongxiang/images/banner.jpg
INFO: [ app_init ] --START--
INFO: Run Behavior\BuildLiteBehavior [ RunTime:0.000161s ]
INFO: [ app_init ] --END-- [ RunTime:0.007417s ]
ERR: 无法加载模块:Images

[ 2016-05-16T17:38:33+08:00 ] 127.0.0.1 /wenjiangongxiang/images/icon1.png
INFO: [ app_init ] --START--
INFO: Run Behavior\BuildLiteBehavior [ RunTime:0.000163s ]
INFO: [ app_init ] --END-- [ RunTime:0.007226s ]
ERR: 无法加载模块:Images

[ 2016-05-16T17:38:33+08:00 ] 127.0.0.1 /wenjiangongxiang/images/img2.png
INFO: [ app_init ] --START--
INFO: Run Behavior\BuildLiteBehavior [ RunTime:0.000162s ]
INFO: [ app_init ] --END-- [ RunTime:0.011252s ]
ERR: 无法加载模块:Images

[ 2016-05-16T17:38:33+08:00 ] 127.0.0.1 /wenjiangongxiang/images/icon2.png
INFO: [ app_init ] --START--
INFO: Run Behavior\BuildLiteBehavior [ RunTime:0.000161s ]
INFO: [ app_init ] --END-- [ RunTime:0.005389s ]
ERR: 无法加载模块:Images

[ 2016-05-16T17:38:33+08:00 ] 127.0.0.1 /wenjiangongxiang/images/icon3.png
INFO: [ app_init ] --START--
INFO: Run Behavior\BuildLiteBehavior [ RunTime:0.000131s ]
INFO: [ app_init ] --END-- [ RunTime:0.054170s ]
ERR: 无法加载模块:Images

[ 2016-05-16T17:38:33+08:00 ] 127.0.0.1 /wenjiangongxiang/images/icon4.png
INFO: [ app_init ] --START--
INFO: Run Behavior\BuildLiteBehavior [ RunTime:0.000163s ]
INFO: [ app_init ] --END-- [ RunTime:0.006768s ]
ERR: 无法加载模块:Images

[ 2016-05-16T17:38:33+08:00 ] 127.0.0.1 /wenjiangongxiang/images/img3.png
INFO: [ app_init ] --START--
INFO: Run Behavior\BuildLiteBehavior [ RunTime:0.000188s ]
INFO: [ app_init ] --END-- [ RunTime:0.005179s ]
ERR: 无法加载模块:Images

[ 2016-05-16T17:38:33+08:00 ] 127.0.0.1 /wenjiangongxiang/images/icon5.png
INFO: [ app_init ] --START--
INFO: Run Behavior\BuildLiteBehavior [ RunTime:0.000271s ]
INFO: [ app_init ] --END-- [ RunTime:0.005443s ]
ERR: 无法加载模块:Images

[ 2016-05-16T17:38:33+08:00 ] 127.0.0.1 /wenjiangongxiang/images/ban1.png
INFO: [ app_init ] --START--
INFO: Run Behavior\BuildLiteBehavior [ RunTime:0.000129s ]
INFO: [ app_init ] --END-- [ RunTime:0.004170s ]
ERR: 无法加载模块:Images

[ 2016-05-16T17:41:36+08:00 ] 127.0.0.1 /wenjiangongxiang/Public/css/main.css
INFO: [ app_init ] --START--
INFO: Run Behavior\BuildLiteBehavior [ RunTime:0.000095s ]
INFO: [ app_init ] --END-- [ RunTime:0.003138s ]
ERR: 无法加载模块:Public

[ 2016-05-16T17:41:36+08:00 ] 127.0.0.1 /wenjiangongxiang/Public/js/jquery-1.7.1.min.js
INFO: [ app_init ] --START--
INFO: Run Behavior\BuildLiteBehavior [ RunTime:0.000095s ]
INFO: [ app_init ] --END-- [ RunTime:0.003276s ]
ERR: 无法加载模块:Public

[ 2016-05-16T17:41:36+08:00 ] 127.0.0.1 /wenjiangongxiang/images/img3.png
INFO: [ app_init ] --START--
INFO: Run Behavior\BuildLiteBehavior [ RunTime:0.000154s ]
INFO: [ app_init ] --END-- [ RunTime:0.004862s ]
ERR: 无法加载模块:Images

[ 2016-05-16T17:41:36+08:00 ] 127.0.0.1 /wenjiangongxiang/images/img2.png
INFO: [ app_init ] --START--
INFO: Run Behavior\BuildLiteBehavior [ RunTime:0.000161s ]
INFO: [ app_init ] --END-- [ RunTime:0.005693s ]
ERR: 无法加载模块:Images

[ 2016-05-16T17:41:36+08:00 ] 127.0.0.1 /wenjiangongxiang/images/img1.png
INFO: [ app_init ] --START--
INFO: Run Behavior\BuildLiteBehavior [ RunTime:0.000162s ]
INFO: [ app_init ] --END-- [ RunTime:0.009170s ]
ERR: 无法加载模块:Images

[ 2016-05-16T17:41:36+08:00 ] 127.0.0.1 /wenjiangongxiang/images/icon1.png
INFO: [ app_init ] --START--
INFO: Run Behavior\BuildLiteBehavior [ RunTime:0.000160s ]
INFO: [ app_init ] --END-- [ RunTime:0.008078s ]
ERR: 无法加载模块:Images

[ 2016-05-16T17:41:36+08:00 ] 127.0.0.1 /wenjiangongxiang/images/logo3.png
INFO: [ app_init ] --START--
INFO: Run Behavior\BuildLiteBehavior [ RunTime:0.000157s ]
INFO: [ app_init ] --END-- [ RunTime:0.008532s ]
ERR: 无法加载模块:Images

[ 2016-05-16T17:41:36+08:00 ] 127.0.0.1 /wenjiangongxiang/images/banner.jpg
INFO: [ app_init ] --START--
INFO: Run Behavior\BuildLiteBehavior [ RunTime:0.000159s ]
INFO: [ app_init ] --END-- [ RunTime:0.005848s ]
ERR: 无法加载模块:Images

[ 2016-05-16T17:41:37+08:00 ] 127.0.0.1 /wenjiangongxiang/images/icon3.png
INFO: [ app_init ] --START--
INFO: Run Behavior\BuildLiteBehavior [ RunTime:0.000158s ]
INFO: [ app_init ] --END-- [ RunTime:0.004824s ]
ERR: 无法加载模块:Images

[ 2016-05-16T17:41:37+08:00 ] 127.0.0.1 /wenjiangongxiang/images/icon4.png
INFO: [ app_init ] --START--
INFO: Run Behavior\BuildLiteBehavior [ RunTime:0.000417s ]
INFO: [ app_init ] --END-- [ RunTime:0.012803s ]
ERR: 无法加载模块:Images

[ 2016-05-16T17:41:37+08:00 ] 127.0.0.1 /wenjiangongxiang/images/icon2.png
INFO: [ app_init ] --START--
INFO: Run Behavior\BuildLiteBehavior [ RunTime:0.000159s ]
INFO: [ app_init ] --END-- [ RunTime:0.007232s ]
ERR: 无法加载模块:Images

[ 2016-05-16T17:41:37+08:00 ] 127.0.0.1 /wenjiangongxiang/images/icon5.png
INFO: [ app_init ] --START--
INFO: Run Behavior\BuildLiteBehavior [ RunTime:0.000153s ]
INFO: [ app_init ] --END-- [ RunTime:0.005303s ]
ERR: 无法加载模块:Images

[ 2016-05-16T17:41:37+08:00 ] 127.0.0.1 /wenjiangongxiang/images/ban1.png
INFO: [ app_init ] --START--
INFO: Run Behavior\BuildLiteBehavior [ RunTime:0.000142s ]
INFO: [ app_init ] --END-- [ RunTime:0.004755s ]
ERR: 无法加载模块:Images

[ 2016-05-16T17:43:43+08:00 ] 127.0.0.1 /wenjiangongxiang/__INDEX__/css/main.css
INFO: [ app_init ] --START--
INFO: Run Behavior\BuildLiteBehavior [ RunTime:0.000124s ]
INFO: [ app_init ] --END-- [ RunTime:0.003343s ]
ERR: 无法加载模块:__INDEX__

[ 2016-05-16T17:43:43+08:00 ] 127.0.0.1 /wenjiangongxiang/__INDEX__/js/jquery-1.7.1.min.js
INFO: [ app_init ] --START--
INFO: Run Behavior\BuildLiteBehavior [ RunTime:0.000730s ]
INFO: [ app_init ] --END-- [ RunTime:0.008808s ]
ERR: 无法加载模块:__INDEX__

[ 2016-05-16T17:43:43+08:00 ] 127.0.0.1 /wenjiangongxiang/images/img3.png
INFO: [ app_init ] --START--
INFO: Run Behavior\BuildLiteBehavior [ RunTime:0.000165s ]
INFO: [ app_init ] --END-- [ RunTime:0.009649s ]
ERR: 无法加载模块:Images

[ 2016-05-16T17:43:43+08:00 ] 127.0.0.1 /wenjiangongxiang/images/logo3.png
INFO: [ app_init ] --START--
INFO: Run Behavior\BuildLiteBehavior [ RunTime:0.001229s ]
INFO: [ app_init ] --END-- [ RunTime:0.009722s ]
ERR: 无法加载模块:Images

[ 2016-05-16T17:43:44+08:00 ] 127.0.0.1 /wenjiangongxiang/images/icon1.png
INFO: [ app_init ] --START--
INFO: Run Behavior\BuildLiteBehavior [ RunTime:0.000157s ]
INFO: [ app_init ] --END-- [ RunTime:0.006398s ]
ERR: 无法加载模块:Images

[ 2016-05-16T17:43:44+08:00 ] 127.0.0.1 /wenjiangongxiang/images/img2.png
INFO: [ app_init ] --START--
INFO: Run Behavior\BuildLiteBehavior [ RunTime:0.000158s ]
INFO: [ app_init ] --END-- [ RunTime:0.005613s ]
ERR: 无法加载模块:Images

[ 2016-05-16T17:43:44+08:00 ] 127.0.0.1 /wenjiangongxiang/images/banner.jpg
INFO: [ app_init ] --START--
INFO: Run Behavior\BuildLiteBehavior [ RunTime:0.000162s ]
INFO: [ app_init ] --END-- [ RunTime:0.011390s ]
ERR: 无法加载模块:Images

[ 2016-05-16T17:43:44+08:00 ] 127.0.0.1 /wenjiangongxiang/images/img1.png
INFO: [ app_init ] --START--
INFO: Run Behavior\BuildLiteBehavior [ RunTime:0.000168s ]
INFO: [ app_init ] --END-- [ RunTime:0.006744s ]
ERR: 无法加载模块:Images

[ 2016-05-16T17:43:44+08:00 ] 127.0.0.1 /wenjiangongxiang/images/icon3.png
INFO: [ app_init ] --START--
INFO: Run Behavior\BuildLiteBehavior [ RunTime:0.000157s ]
INFO: [ app_init ] --END-- [ RunTime:0.009628s ]
ERR: 无法加载模块:Images

[ 2016-05-16T17:43:44+08:00 ] 127.0.0.1 /wenjiangongxiang/images/icon5.png
INFO: [ app_init ] --START--
INFO: Run Behavior\BuildLiteBehavior [ RunTime:0.003300s ]
INFO: [ app_init ] --END-- [ RunTime:0.014420s ]
ERR: 无法加载模块:Images

[ 2016-05-16T17:43:44+08:00 ] 127.0.0.1 /wenjiangongxiang/images/icon4.png
INFO: [ app_init ] --START--
INFO: Run Behavior\BuildLiteBehavior [ RunTime:0.000158s ]
INFO: [ app_init ] --END-- [ RunTime:0.005651s ]
ERR: 无法加载模块:Images

[ 2016-05-16T17:43:44+08:00 ] 127.0.0.1 /wenjiangongxiang/images/ban1.png
INFO: [ app_init ] --START--
INFO: Run Behavior\BuildLiteBehavior [ RunTime:0.000154s ]
INFO: [ app_init ] --END-- [ RunTime:0.009016s ]
ERR: 无法加载模块:Images

[ 2016-05-16T17:43:44+08:00 ] 127.0.0.1 /wenjiangongxiang/images/icon2.png
INFO: [ app_init ] --START--
INFO: Run Behavior\BuildLiteBehavior [ RunTime:0.000444s ]
INFO: [ app_init ] --END-- [ RunTime:0.006953s ]
ERR: 无法加载模块:Images

[ 2016-05-16T17:45:22+08:00 ] 127.0.0.1 /wenjiangongxiang/images/logo3.png
INFO: [ app_init ] --START--
INFO: Run Behavior\BuildLiteBehavior [ RunTime:0.000164s ]
INFO: [ app_init ] --END-- [ RunTime:0.005176s ]
ERR: 无法加载模块:Images

[ 2016-05-16T17:45:22+08:00 ] 127.0.0.1 /wenjiangongxiang/images/img1.png
INFO: [ app_init ] --START--
INFO: Run Behavior\BuildLiteBehavior [ RunTime:0.000157s ]
INFO: [ app_init ] --END-- [ RunTime:0.004839s ]
ERR: 无法加载模块:Images

[ 2016-05-16T17:45:22+08:00 ] 127.0.0.1 /wenjiangongxiang/images/img3.png
INFO: [ app_init ] --START--
INFO: Run Behavior\BuildLiteBehavior [ RunTime:0.000162s ]
INFO: [ app_init ] --END-- [ RunTime:0.009927s ]
ERR: 无法加载模块:Images

[ 2016-05-16T17:45:22+08:00 ] 127.0.0.1 /wenjiangongxiang/images/img2.png
INFO: [ app_init ] --START--
INFO: Run Behavior\BuildLiteBehavior [ RunTime:0.000211s ]
INFO: [ app_init ] --END-- [ RunTime:0.009094s ]
ERR: 无法加载模块:Images

[ 2016-05-16T17:45:22+08:00 ] 127.0.0.1 /wenjiangongxiang/images/icon1.png
INFO: [ app_init ] --START--
INFO: Run Behavior\BuildLiteBehavior [ RunTime:0.000163s ]
INFO: [ app_init ] --END-- [ RunTime:0.009864s ]
ERR: 无法加载模块:Images

[ 2016-05-16T17:45:22+08:00 ] 127.0.0.1 /wenjiangongxiang/images/banner.jpg
INFO: [ app_init ] --START--
INFO: Run Behavior\BuildLiteBehavior [ RunTime:0.000161s ]
INFO: [ app_init ] --END-- [ RunTime:0.006302s ]
ERR: 无法加载模块:Images

[ 2016-05-16T17:45:23+08:00 ] 127.0.0.1 /wenjiangongxiang/images/icon3.png
INFO: [ app_init ] --START--
INFO: Run Behavior\BuildLiteBehavior [ RunTime:0.000185s ]
INFO: [ app_init ] --END-- [ RunTime:0.013722s ]
ERR: 无法加载模块:Images

[ 2016-05-16T17:45:23+08:00 ] 127.0.0.1 /wenjiangongxiang/images/ban1.png
INFO: [ app_init ] --START--
INFO: Run Behavior\BuildLiteBehavior [ RunTime:0.000175s ]
INFO: [ app_init ] --END-- [ RunTime:0.006864s ]
ERR: 无法加载模块:Images

[ 2016-05-16T17:45:23+08:00 ] 127.0.0.1 /wenjiangongxiang/images/icon5.png
INFO: [ app_init ] --START--
INFO: Run Behavior\BuildLiteBehavior [ RunTime:0.000163s ]
INFO: [ app_init ] --END-- [ RunTime:0.010403s ]
ERR: 无法加载模块:Images

[ 2016-05-16T17:45:23+08:00 ] 127.0.0.1 /wenjiangongxiang/images/icon2.png
INFO: [ app_init ] --START--
INFO: Run Behavior\BuildLiteBehavior [ RunTime:0.000160s ]
INFO: [ app_init ] --END-- [ RunTime:0.005892s ]
ERR: 无法加载模块:Images

[ 2016-05-16T17:45:23+08:00 ] 127.0.0.1 /wenjiangongxiang/images/icon4.png
INFO: [ app_init ] --START--
INFO: Run Behavior\BuildLiteBehavior [ RunTime:0.000155s ]
INFO: [ app_init ] --END-- [ RunTime:0.021109s ]
ERR: 无法加载模块:Images

[ 2016-05-16T18:32:44+08:00 ] 127.0.0.1 /wenjiangongxiang/images/img1.png
INFO: [ app_init ] --START--
INFO: Run Behavior\BuildLiteBehavior [ RunTime:0.000163s ]
INFO: [ app_init ] --END-- [ RunTime:0.006572s ]
ERR: 无法加载模块:Images

[ 2016-05-16T18:32:44+08:00 ] 127.0.0.1 /wenjiangongxiang/images/img2.png
INFO: [ app_init ] --START--
INFO: Run Behavior\BuildLiteBehavior [ RunTime:0.000160s ]
INFO: [ app_init ] --END-- [ RunTime:0.006732s ]
ERR: 无法加载模块:Images

[ 2016-05-16T18:32:44+08:00 ] 127.0.0.1 /wenjiangongxiang/images/banner.jpg
INFO: [ app_init ] --START--
INFO: Run Behavior\BuildLiteBehavior [ RunTime:0.000219s ]
INFO: [ app_init ] --END-- [ RunTime:0.006120s ]
ERR: 无法加载模块:Images

[ 2016-05-16T18:32:44+08:00 ] 127.0.0.1 /wenjiangongxiang/images/icon1.png
INFO: [ app_init ] --START--
INFO: Run Behavior\BuildLiteBehavior [ RunTime:0.000157s ]
INFO: [ app_init ] --END-- [ RunTime:0.094604s ]
ERR: 无法加载模块:Images

[ 2016-05-16T18:32:44+08:00 ] 127.0.0.1 /wenjiangongxiang/images/img3.png
INFO: [ app_init ] --START--
INFO: Run Behavior\BuildLiteBehavior [ RunTime:0.000163s ]
INFO: [ app_init ] --END-- [ RunTime:0.007580s ]
ERR: 无法加载模块:Images

[ 2016-05-16T18:32:44+08:00 ] 127.0.0.1 /wenjiangongxiang/images/logo3.png
INFO: [ app_init ] --START--
INFO: Run Behavior\BuildLiteBehavior [ RunTime:0.000161s ]
INFO: [ app_init ] --END-- [ RunTime:0.008590s ]
ERR: 无法加载模块:Images

[ 2016-05-16T18:32:44+08:00 ] 127.0.0.1 /wenjiangongxiang/images/icon3.png
INFO: [ app_init ] --START--
INFO: Run Behavior\BuildLiteBehavior [ RunTime:0.000163s ]
INFO: [ app_init ] --END-- [ RunTime:0.006789s ]
ERR: 无法加载模块:Images

[ 2016-05-16T18:32:45+08:00 ] 127.0.0.1 /wenjiangongxiang/images/icon2.png
INFO: [ app_init ] --START--
INFO: Run Behavior\BuildLiteBehavior [ RunTime:0.000152s ]
INFO: [ app_init ] --END-- [ RunTime:0.006036s ]
ERR: 无法加载模块:Images

[ 2016-05-16T18:32:45+08:00 ] 127.0.0.1 /wenjiangongxiang/images/icon5.png
INFO: [ app_init ] --START--
INFO: Run Behavior\BuildLiteBehavior [ RunTime:0.000157s ]
INFO: [ app_init ] --END-- [ RunTime:0.006861s ]
ERR: 无法加载模块:Images

[ 2016-05-16T18:32:45+08:00 ] 127.0.0.1 /wenjiangongxiang/images/ban1.png
INFO: [ app_init ] --START--
INFO: Run Behavior\BuildLiteBehavior [ RunTime:0.000161s ]
INFO: [ app_init ] --END-- [ RunTime:0.005186s ]
ERR: 无法加载模块:Images

[ 2016-05-16T18:32:45+08:00 ] 127.0.0.1 /wenjiangongxiang/images/icon4.png
INFO: [ app_init ] --START--
INFO: Run Behavior\BuildLiteBehavior [ RunTime:0.003734s ]
INFO: [ app_init ] --END-- [ RunTime:0.009298s ]
ERR: 无法加载模块:Images

[ 2016-05-16T18:32:47+08:00 ] 127.0.0.1 /wenjiangongxiang/platform.html
INFO: [ app_init ] --START--
INFO: Run Behavior\BuildLiteBehavior [ RunTime:0.000093s ]
INFO: [ app_init ] --END-- [ RunTime:0.003055s ]
ERR: 无法加载模块:Platform

[ 2016-05-16T18:35:50+08:00 ] 127.0.0.1 /wenjiangongxiang/Public/js/jquery/jquery.min.js
INFO: [ app_init ] --START--
INFO: Run Behavior\BuildLiteBehavior [ RunTime:0.001294s ]
INFO: [ app_init ] --END-- [ RunTime:0.005055s ]
ERR: 无法加载模块:Public

[ 2016-05-16T18:40:11+08:00 ] 127.0.0.1 /images/logo3.png
INFO: [ app_init ] --START--
INFO: Run Behavior\BuildLiteBehavior [ RunTime:0.000057s ]
INFO: [ app_init ] --END-- [ RunTime:0.001717s ]
ERR: 无法加载模块:Images

[ 2016-05-16T18:40:12+08:00 ] 127.0.0.1 /images/icon1.png
INFO: [ app_init ] --START--
INFO: Run Behavior\BuildLiteBehavior [ RunTime:0.000064s ]
INFO: [ app_init ] --END-- [ RunTime:0.002142s ]
ERR: 无法加载模块:Images

[ 2016-05-16T18:40:12+08:00 ] 127.0.0.1 /images/banner.jpg
INFO: [ app_init ] --START--
INFO: Run Behavior\BuildLiteBehavior [ RunTime:0.000065s ]
INFO: [ app_init ] --END-- [ RunTime:0.001842s ]
ERR: 无法加载模块:Images

[ 2016-05-16T18:40:12+08:00 ] 127.0.0.1 /images/img1.png
INFO: [ app_init ] --START--
INFO: Run Behavior\BuildLiteBehavior [ RunTime:0.000064s ]
INFO: [ app_init ] --END-- [ RunTime:0.003433s ]
ERR: 无法加载模块:Images

[ 2016-05-16T18:40:12+08:00 ] 127.0.0.1 /images/img3.png
INFO: [ app_init ] --START--
INFO: Run Behavior\BuildLiteBehavior [ RunTime:0.000064s ]
INFO: [ app_init ] --END-- [ RunTime:0.002566s ]
ERR: 无法加载模块:Images

[ 2016-05-16T18:40:12+08:00 ] 127.0.0.1 /images/icon5.png
INFO: [ app_init ] --START--
INFO: Run Behavior\BuildLiteBehavior [ RunTime:0.000057s ]
INFO: [ app_init ] --END-- [ RunTime:0.002169s ]
ERR: 无法加载模块:Images

[ 2016-05-16T18:40:12+08:00 ] 127.0.0.1 /images/icon2.png
INFO: [ app_init ] --START--
INFO: Run Behavior\BuildLiteBehavior [ RunTime:0.000057s ]
INFO: [ app_init ] --END-- [ RunTime:0.001779s ]
ERR: 无法加载模块:Images

[ 2016-05-16T18:40:12+08:00 ] 127.0.0.1 /images/icon4.png
INFO: [ app_init ] --START--
INFO: Run Behavior\BuildLiteBehavior [ RunTime:0.000055s ]
INFO: [ app_init ] --END-- [ RunTime:0.001849s ]
ERR: 无法加载模块:Images

[ 2016-05-16T18:40:12+08:00 ] 127.0.0.1 /images/img2.png
INFO: [ app_init ] --START--
INFO: Run Behavior\BuildLiteBehavior [ RunTime:0.000057s ]
INFO: [ app_init ] --END-- [ RunTime:0.001687s ]
ERR: 无法加载模块:Images

[ 2016-05-16T18:40:12+08:00 ] 127.0.0.1 /images/logo3.png
INFO: [ app_init ] --START--
INFO: Run Behavior\BuildLiteBehavior [ RunTime:0.000060s ]
INFO: [ app_init ] --END-- [ RunTime:0.001832s ]
ERR: 无法加载模块:Images

[ 2016-05-16T18:40:12+08:00 ] 127.0.0.1 /images/icon3.png
INFO: [ app_init ] --START--
INFO: Run Behavior\BuildLiteBehavior [ RunTime:0.000061s ]
INFO: [ app_init ] --END-- [ RunTime:0.003625s ]
ERR: 无法加载模块:Images

[ 2016-05-16T18:40:12+08:00 ] 127.0.0.1 /images/ban1.png
INFO: [ app_init ] --START--
INFO: Run Behavior\BuildLiteBehavior [ RunTime:0.000081s ]
INFO: [ app_init ] --END-- [ RunTime:0.002280s ]
ERR: 无法加载模块:Images

[ 2016-05-16T18:40:12+08:00 ] 127.0.0.1 /images/icon1.png
INFO: [ app_init ] --START--
INFO: Run Behavior\BuildLiteBehavior [ RunTime:0.000041s ]
INFO: [ app_init ] --END-- [ RunTime:0.001136s ]
ERR: 无法加载模块:Images

[ 2016-05-16T18:40:12+08:00 ] 127.0.0.1 /favicon.ico
INFO: [ app_init ] --START--
INFO: Run Behavior\BuildLiteBehavior [ RunTime:0.000034s ]
INFO: [ app_init ] --END-- [ RunTime:0.000998s ]
ERR: 无法加载模块:Favicon

[ 2016-05-16T18:40:12+08:00 ] 127.0.0.1 /favicon.ico
INFO: [ app_init ] --START--
INFO: Run Behavior\BuildLiteBehavior [ RunTime:0.000030s ]
INFO: [ app_init ] --END-- [ RunTime:0.000993s ]
ERR: 无法加载模块:Favicon

[ 2016-05-16T18:40:50+08:00 ] 127.0.0.1 /Public/js/jquery/jquery.min.js
INFO: [ app_init ] --START--
INFO: Run Behavior\BuildLiteBehavior [ RunTime:0.000043s ]
INFO: [ app_init ] --END-- [ RunTime:0.001334s ]
ERR: 无法加载模块:Public

[ 2016-05-16T18:41:12+08:00 ] 127.0.0.1 /Public/js/jquery/jquery.min.js
INFO: [ app_init ] --START--
INFO: Run Behavior\BuildLiteBehavior [ RunTime:0.000031s ]
INFO: [ app_init ] --END-- [ RunTime:0.001010s ]
ERR: 无法加载模块:Public

[ 2016-05-16T18:41:14+08:00 ] 127.0.0.1 /Public/js/jquery/jquery.min.js
INFO: [ app_init ] --START--
INFO: Run Behavior\BuildLiteBehavior [ RunTime:0.000031s ]
INFO: [ app_init ] --END-- [ RunTime:0.001032s ]
ERR: 无法加载模块:Public

[ 2016-05-16T18:41:36+08:00 ] 127.0.0.1 /Public/js/jquery/jquery.min.js
INFO: [ app_init ] --START--
INFO: Run Behavior\BuildLiteBehavior [ RunTime:0.000030s ]
INFO: [ app_init ] --END-- [ RunTime:0.001011s ]
ERR: 无法加载模块:Public

[ 2016-05-16T18:41:37+08:00 ] 127.0.0.1 /Public/js/jquery/jquery.min.js
INFO: [ app_init ] --START--
INFO: Run Behavior\BuildLiteBehavior [ RunTime:0.000035s ]
INFO: [ app_init ] --END-- [ RunTime:0.001020s ]
ERR: 无法加载模块:Public

[ 2016-05-16T18:41:38+08:00 ] 127.0.0.1 /Public/js/jquery/jquery.min.js
INFO: [ app_init ] --START--
INFO: Run Behavior\BuildLiteBehavior [ RunTime:0.000131s ]
INFO: [ app_init ] --END-- [ RunTime:0.002216s ]
ERR: 无法加载模块:Public

[ 2016-05-16T18:41:38+08:00 ] 127.0.0.1 /Public/js/jquery/jquery.template.min.js
INFO: [ app_init ] --START--
INFO: Run Behavior\BuildLiteBehavior [ RunTime:0.000037s ]
INFO: [ app_init ] --END-- [ RunTime:0.002019s ]
ERR: 无法加载模块:Public

[ 2016-05-16T18:41:38+08:00 ] 127.0.0.1 /Public/js/jquery/jquery.datepicker.min.js
INFO: [ app_init ] --START--
INFO: Run Behavior\BuildLiteBehavior [ RunTime:0.000034s ]
INFO: [ app_init ] --END-- [ RunTime:0.001150s ]
ERR: 无法加载模块:Public

[ 2016-05-16T18:41:39+08:00 ] 127.0.0.1 /Public/js/jquery/jquery.min.js
INFO: [ app_init ] --START--
INFO: Run Behavior\BuildLiteBehavior [ RunTime:0.000032s ]
INFO: [ app_init ] --END-- [ RunTime:0.001062s ]
ERR: 无法加载模块:Public

[ 2016-05-16T18:41:39+08:00 ] 127.0.0.1 /Public/js/jquery/jquery.template.min.js
INFO: [ app_init ] --START--
INFO: Run Behavior\BuildLiteBehavior [ RunTime:0.000100s ]
INFO: [ app_init ] --END-- [ RunTime:0.001951s ]
ERR: 无法加载模块:Public

[ 2016-05-16T18:41:39+08:00 ] 127.0.0.1 /Public/js/jquery/jquery.datepicker.min.js
INFO: [ app_init ] --START--
INFO: Run Behavior\BuildLiteBehavior [ RunTime:0.000073s ]
INFO: [ app_init ] --END-- [ RunTime:0.001980s ]
ERR: 无法加载模块:Public

[ 2016-05-16T18:41:39+08:00 ] 127.0.0.1 /Public/js/jquery/jquery.datepicker.min.js
INFO: [ app_init ] --START--
INFO: Run Behavior\BuildLiteBehavior [ RunTime:0.000033s ]
INFO: [ app_init ] --END-- [ RunTime:0.001048s ]
ERR: 无法加载模块:Public

